<?xml version="1.0" encoding="UTF-8" standalone="yes"?>
<VAST version="2.0">
    <Ad id="285566787">
        <Wrapper>
            <AdSystem version="2.0">Amazon</AdSystem>
            <VASTAdTagURI><![CDATA[https://aax-us-east.amazon-adsystem.com/e/an/vast?aaxbi=${AAX_BI}&aaxsp=0&aaxct=https%3A%2F%2Flax1-ib.adnxs.com%2Fclick%3FAAAAAAAAAAAAAAAAAAAAAAAAAAAAAAAAAAAAAAAAAAAAAAAAAAAAAEa_UsuRGQQjkrDCwHIv5RCd2vVgAAAAAAEAAADrBgAAAAAAAAAAAABDZwURAAAAAAAAAAAAAAAAAAAAAAAAAAAAAAAAAAAAAQUAAAAAAAEA0wvHbQAAAAA.%2Fbcr%3DAAAAAAAAAAA%3D%2Fbn%3D0%2Ftest%3D1%2Fclickenc%3D&aaxsz=1x1&aaxcc=72F99B9594587DB029FFE8337C9A903C&aaxci=${AAX_CI}&aaxcp=1&cb=1676348859]]></VASTAdTagURI>
            <Error><![CDATA[https://lax1-ib.adnxs.com/vast_track/v2?info=YQAAAAMArgAFAQmd2vVgAAAAABFGv1LLkRkEIxmd2vVgAAAAACDDzpWIASgAMAA46w1Atc0aSMyhNFABWABiAlVTaABwAHgAgAEAiAEAkAEAmAEAoAEAqAHDzpWIAbABAQ..&s=baa77dd4c9cc45af8890d55b42b25b3d5a666ef7&event_type=4&test=1&error_code=[ERRORCODE]]]></Error>
            <Impression id="adnxs"><![CDATA[https://ib.adnxs.com/nop]]></Impression>
            <Creatives>
                <Creative id="17503530" AdID="285566787">
                    <Linear>
                        <TrackingEvents>
                            <Tracking event="start"><![CDATA[https://lax1-ib.adnxs.com/vast_track/v2?info=YQAAAAMArgAFAQmd2vVgAAAAABFGv1LLkRkEIxmd2vVgAAAAACDDzpWIASgAMAA46w1Atc0aSMyhNFABWABiAlVTaABwAHgAgAEAiAEAkAEAmAEAoAEAqAHDzpWIAbABAQ..&s=baa77dd4c9cc45af8890d55b42b25b3d5a666ef7&event_type=2&test=1]]></Tracking>
                            <Tracking event="skip"><![CDATA[https://lax1-ib.adnxs.com/vast_track/v2?info=YQAAAAMArgAFAQmd2vVgAAAAABFGv1LLkRkEIxmd2vVgAAAAACDDzpWIASgAMAA46w1Atc0aSMyhNFABWABiAlVTaABwAHgAgAEAiAEAkAEAmAEAoAEAqAHDzpWIAbABAQ..&s=baa77dd4c9cc45af8890d55b42b25b3d5a666ef7&event_type=3&test=1]]></Tracking>
                            <Tracking event="firstQuartile"><![CDATA[https://lax1-ib.adnxs.com/vast_track/v2?info=YQAAAAMArgAFAQmd2vVgAAAAABFGv1LLkRkEIxmd2vVgAAAAACDDzpWIASgAMAA46w1Atc0aSMyhNFABWABiAlVTaABwAHgAgAEAiAEAkAEAmAEAoAEAqAHDzpWIAbABAQ..&s=baa77dd4c9cc45af8890d55b42b25b3d5a666ef7&event_type=5&test=1]]></Tracking>
                            <Tracking event="midpoint"><![CDATA[https://lax1-ib.adnxs.com/vast_track/v2?info=YQAAAAMArgAFAQmd2vVgAAAAABFGv1LLkRkEIxmd2vVgAAAAACDDzpWIASgAMAA46w1Atc0aSMyhNFABWABiAlVTaABwAHgAgAEAiAEAkAEAmAEAoAEAqAHDzpWIAbABAQ..&s=baa77dd4c9cc45af8890d55b42b25b3d5a666ef7&event_type=6&test=1]]></Tracking>
                            <Tracking event="thirdQuartile"><![CDATA[https://lax1-ib.adnxs.com/vast_track/v2?info=YQAAAAMArgAFAQmd2vVgAAAAABFGv1LLkRkEIxmd2vVgAAAAACDDzpWIASgAMAA46w1Atc0aSMyhNFABWABiAlVTaABwAHgAgAEAiAEAkAEAmAEAoAEAqAHDzpWIAbABAQ..&s=baa77dd4c9cc45af8890d55b42b25b3d5a666ef7&event_type=7&test=1]]></Tracking>
                            <Tracking event="complete"><![CDATA[https://lax1-ib.adnxs.com/vast_track/v2?info=YQAAAAMArgAFAQmd2vVgAAAAABFGv1LLkRkEIxmd2vVgAAAAACDDzpWIASgAMAA46w1Atc0aSMyhNFABWABiAlVTaABwAHgAgAEAiAEAkAEAmAEAoAEAqAHDzpWIAbABAQ..&s=baa77dd4c9cc45af8890d55b42b25b3d5a666ef7&event_type=8&test=1]]></Tracking>
                        </TrackingEvents>
                        <VideoClicks>
                            <ClickTracking id="adnxs"><![CDATA[https://lax1-ib.adnxs.com/click?AAAAAAAAAAAAAAAAAAAAAAAAAAAAAAAAAAAAAAAAAAAAAAAAAAAAAEa_UsuRGQQjkrDCwHIv5RCd2vVgAAAAAAEAAADrBgAAAAAAAAAAAABDZwURAAAAAAAAAAAAAAAAAAAAAAAAAAAAAAAAAAAAAQUAAAAAAAEA0wvHbQAAAAA./bcr=AAAAAAAAAAA=/bn=0/test=1/]]></ClickTracking>
                        </VideoClicks>
                    </Linear>
                </Creative>
            </Creatives>
            <Extensions>
                <Extension type="AdVerifications">
                    <AdVerifications>
                        <Verification vendor="appnexus.com-omid">
                            <JavaScriptResource apiFramework="omid" browserOptional="true"><![CDATA[https://cdn.adnxs.com/v/video/213/trk.js]]></JavaScriptResource>
                            <VerificationParameters><![CDATA[tv=vh2-132&d=1x1&s=856268&st=0&vctx=0&ts=1626725021&vc=iab;vid_ccr=1&vjs=https%3A%2F%2Fcdn.adnxs.com%2Fv%2Fvideo%2F213%2Ftrk.js&cb=https%3A%2F%2Flax1-ib.adnxs.com%2Fvevent%3Fan_audit%3D0%26e%3DwqT_3QKiA3yiAQAAAwDWAAUBCJ2114cGEMb-ytqcsoaCIxgAKjYJAA0BABENCAQAGREJACERCQApEQkAMREJ8LwwATjrDUAASABQw86ViAFYAGAAaAB4AIABAIoBAJgBAaABAagBALABALgBAcABBcgBANABANgBAOABAfABANgCAOACAIADAIgDAZADAJgDAKADAKoDAMADrALIAwDYAwDgAwDoAwD4AwCABACYBACiBAw3Ni45NC4yMDUuNDWoBACyBAwIABAAGAAgADAAOAK4BADABADIBADaBAIIAeAEAfAEAIgFAZgFAKAFAMAFAMkFAAAAAAAA8D_SBQkV82jYBQDgBQDwBQD6BQQIABAAkAYAmAYAuAYAwQYR6RDaBhYKEBENEQFcEAAYAOAGAPIGAggAgAcBiAcAoAcAugcOAUQ8GAAgADAAOABAAMgHANIHDRVtATUI2gcGCSQ04AcA6gcCCADwB-Sm3gk.%26s%3Dd19a12edcfc15f9e6a36d369a223c0f9a1689486&cet=0&cecb=&rdcb=https%3A%2F%2Flax1-ib.adnxs.com%2Frd_log%3Fan_audit%3D0%26e%3DwqT_3QKiA3yiAQAAAwDWAAUBCJ2114cGEMb-ytqcsoaCIxgAKjYJAA0BABENCAQAGREJACERCQApEQkAMREJ8LwwATjrDUAASABQw86ViAFYAGAAaAB4AIABAIoBAJgBAaABAagBALABALgBAcABBcgBANABANgBAOABAfABANgCAOACAIADAIgDAZADAJgDAKADAKoDAMADrALIAwDYAwDgAwDoAwD4AwCABACYBACiBAw3Ni45NC4yMDUuNDWoBACyBAwIABAAGAAgADAAOAK4BADABADIBADaBAIIAeAEAfAEAIgFAZgFAKAFAMAFAMkFAAAAAAAA8D_SBQkV82jYBQDgBQDwBQD6BQQIABAAkAYAmAYAuAYAwQYR6RDaBhYKEBENEQFcEAAYAOAGAPIGAggAgAcBiAcAoAcAugcOAUQ8GAAgADAAOABAAMgHANIHDRVtATUI2gcGCSQ04AcA6gcCCADwB-Sm3gk.%26s%3Dd19a12edcfc15f9e6a36d369a223c0f9a1689486&bridge=1.11.0&rblog=auc=2523169805206470470;bm=0;sm=1771;cr=285566787;pl=1&vid_context=anoutstream;anbannerstream;anoverlayplayer]]></VerificationParameters>
                        </Verification>
                    </AdVerifications>
                </Extension>
            </Extensions>
        </Wrapper>
    </Ad>
</VAST>