<?xml version="1.0" encoding="UTF-8" standalone="yes"?>
<VAST version="2.0">
    <Ad id="287188633">
        <Wrapper>
            <AdSystem version="2.0">Amazon</AdSystem>
            <VASTAdTagURI><![CDATA[https://aax-us-east.amazon-adsystem.com/e/an/vast?aaxbi=${AAX_BI}&aaxsp=0&aaxct=https%3A%2F%2Flax1-ib.adnxs.com%2Fclick%3FAAAAAAAAAAAAAAAAAAAAAAAAAAAAAAAAAAAAAAAAAAAAAAAAAAAAAP4LyWHTHEcikrDCwHIv5RD02vVgAAAAAAEAAADrBgAAAAAAAAAAAACZJh4RAAAAAAAAAAAAAAAAAAAAAAAAAAAAAAAAAAAAAQUAAAAAAAEA8AyQwQAAAAA.%2Fbcr%3DAAAAAAAAAAA%3D%2Fbn%3D0%2Ftest%3D1%2Fclickenc%3D&aaxsz=1x1&aaxcc=ABB97D87B85B088DD447A118B54321CA&aaxci=${AAX_CI}&aaxcp=1&cb=571118253]]></VASTAdTagURI>
            <Error><![CDATA[https://lax1-ib.adnxs.com/vast_track/v2?info=YQAAAAMArgAFAQn02vVgAAAAABH-C8lh0xxHIhn02vVgAAAAACCZzfiIASgAMAA46w1Atc0aSMyhNFABWABiAlVTaABwAHgAgAEAiAEAkAEAmAEAoAEAqAGZzfiIAbABAQ..&s=31509687a558747017b569d77360f8f9a82339cd&event_type=4&test=1&error_code=[ERRORCODE]]]></Error>
            <Impression id="adnxs"><![CDATA[https://ib.adnxs.com/nop]]></Impression>
            <Creatives>
                <Creative id="17621320" AdID="287188633">
                    <Linear>
                        <TrackingEvents>
                            <Tracking event="start"><![CDATA[https://lax1-ib.adnxs.com/vast_track/v2?info=YQAAAAMArgAFAQn02vVgAAAAABH-C8lh0xxHIhn02vVgAAAAACCZzfiIASgAMAA46w1Atc0aSMyhNFABWABiAlVTaABwAHgAgAEAiAEAkAEAmAEAoAEAqAGZzfiIAbABAQ..&s=31509687a558747017b569d77360f8f9a82339cd&event_type=2&test=1]]></Tracking>
                            <Tracking event="skip"><![CDATA[https://lax1-ib.adnxs.com/vast_track/v2?info=YQAAAAMArgAFAQn02vVgAAAAABH-C8lh0xxHIhn02vVgAAAAACCZzfiIASgAMAA46w1Atc0aSMyhNFABWABiAlVTaABwAHgAgAEAiAEAkAEAmAEAoAEAqAGZzfiIAbABAQ..&s=31509687a558747017b569d77360f8f9a82339cd&event_type=3&test=1]]></Tracking>
                            <Tracking event="firstQuartile"><![CDATA[https://lax1-ib.adnxs.com/vast_track/v2?info=YQAAAAMArgAFAQn02vVgAAAAABH-C8lh0xxHIhn02vVgAAAAACCZzfiIASgAMAA46w1Atc0aSMyhNFABWABiAlVTaABwAHgAgAEAiAEAkAEAmAEAoAEAqAGZzfiIAbABAQ..&s=31509687a558747017b569d77360f8f9a82339cd&event_type=5&test=1]]></Tracking>
                            <Tracking event="midpoint"><![CDATA[https://lax1-ib.adnxs.com/vast_track/v2?info=YQAAAAMArgAFAQn02vVgAAAAABH-C8lh0xxHIhn02vVgAAAAACCZzfiIASgAMAA46w1Atc0aSMyhNFABWABiAlVTaABwAHgAgAEAiAEAkAEAmAEAoAEAqAGZzfiIAbABAQ..&s=31509687a558747017b569d77360f8f9a82339cd&event_type=6&test=1]]></Tracking>
                            <Tracking event="thirdQuartile"><![CDATA[https://lax1-ib.adnxs.com/vast_track/v2?info=YQAAAAMArgAFAQn02vVgAAAAABH-C8lh0xxHIhn02vVgAAAAACCZzfiIASgAMAA46w1Atc0aSMyhNFABWABiAlVTaABwAHgAgAEAiAEAkAEAmAEAoAEAqAGZzfiIAbABAQ..&s=31509687a558747017b569d77360f8f9a82339cd&event_type=7&test=1]]></Tracking>
                            <Tracking event="complete"><![CDATA[https://lax1-ib.adnxs.com/vast_track/v2?info=YQAAAAMArgAFAQn02vVgAAAAABH-C8lh0xxHIhn02vVgAAAAACCZzfiIASgAMAA46w1Atc0aSMyhNFABWABiAlVTaABwAHgAgAEAiAEAkAEAmAEAoAEAqAGZzfiIAbABAQ..&s=31509687a558747017b569d77360f8f9a82339cd&event_type=8&test=1]]></Tracking>
                        </TrackingEvents>
                        <VideoClicks>
                            <ClickTracking id="adnxs"><![CDATA[https://lax1-ib.adnxs.com/click?AAAAAAAAAAAAAAAAAAAAAAAAAAAAAAAAAAAAAAAAAAAAAAAAAAAAAP4LyWHTHEcikrDCwHIv5RD02vVgAAAAAAEAAADrBgAAAAAAAAAAAACZJh4RAAAAAAAAAAAAAAAAAAAAAAAAAAAAAAAAAAAAAQUAAAAAAAEA8AyQwQAAAAA./bcr=AAAAAAAAAAA=/bn=0/test=1/]]></ClickTracking>
                        </VideoClicks>
                    </Linear>
                </Creative>
            </Creatives>
            <Extensions>
                <Extension type="AdVerifications">
                    <AdVerifications>
                        <Verification vendor="appnexus.com-omid">
                            <JavaScriptResource apiFramework="omid" browserOptional="true"><![CDATA[https://cdn.adnxs.com/v/video/213/trk.js]]></JavaScriptResource>
                            <VerificationParameters><![CDATA[tv=vh2-132&d=1x1&s=856268&st=0&vctx=0&ts=1626725108&vc=iab;vid_ccr=1&vjs=https%3A%2F%2Fcdn.adnxs.com%2Fv%2Fvideo%2F213%2Ftrk.js&cb=https%3A%2F%2Flax1-ib.adnxs.com%2Fvevent%3Fan_audit%3D0%26e%3DwqT_3QKiA3yiAQAAAwDWAAUBCPS114cGEP6XpI62msejIhgAKjYJAA0BABENCAQAGREJACERCQApEQkAMREJ8LwwATjrDUAASABQmc34iAFYAGAAaAB4AIABAIoBAJgBAaABAagBALABALgBAcABBcgBANABANgBAOABAfABANgCAOACAIADAIgDAZADAJgDAKADAKoDAMADrALIAwDYAwDgAwDoAwD4AwCABACYBACiBAw3Ni45NC4yMDUuNDWoBACyBAwIABAAGAAgADAAOAK4BADABADIBADaBAIIAeAEAfAEAIgFAZgFAKAFAMAFAMkFAAAAAAAA8D_SBQkV82jYBQDgBQDwBQD6BQQIABAAkAYAmAYAuAYAwQYR6RDaBhYKEBENEQFcEAAYAOAGAPIGAggAgAcBiAcAoAcAugcOAUQ8GAAgADAAOABAAMgHANIHDRVtATUI2gcGCSQ04AcA6gcCCADwB-Sm3gk.%26s%3Dc74f4d4b421f1e1083f8348ab9560053410a001a&cet=0&cecb=&rdcb=https%3A%2F%2Flax1-ib.adnxs.com%2Frd_log%3Fan_audit%3D0%26e%3DwqT_3QKiA3yiAQAAAwDWAAUBCPS114cGEP6XpI62msejIhgAKjYJAA0BABENCAQAGREJACERCQApEQkAMREJ8LwwATjrDUAASABQmc34iAFYAGAAaAB4AIABAIoBAJgBAaABAagBALABALgBAcABBcgBANABANgBAOABAfABANgCAOACAIADAIgDAZADAJgDAKADAKoDAMADrALIAwDYAwDgAwDoAwD4AwCABACYBACiBAw3Ni45NC4yMDUuNDWoBACyBAwIABAAGAAgADAAOAK4BADABADIBADaBAIIAeAEAfAEAIgFAZgFAKAFAMAFAMkFAAAAAAAA8D_SBQkV82jYBQDgBQDwBQD6BQQIABAAkAYAmAYAuAYAwQYR6RDaBhYKEBENEQFcEAAYAOAGAPIGAggAgAcBiAcAoAcAugcOAUQ8GAAgADAAOABAAMgHANIHDRVtATUI2gcGCSQ04AcA6gcCCADwB-Sm3gk.%26s%3Dc74f4d4b421f1e1083f8348ab9560053410a001a&bridge=1.11.0&rblog=auc=2469974614840249342;bm=0;sm=1771;cr=287188633;pl=1&vid_context=anoutstream;anbannerstream;anoverlayplayer]]></VerificationParameters>
                        </Verification>
                    </AdVerifications>
                </Extension>
            </Extensions>
        </Wrapper>
    </Ad>
</VAST>