<?xml version="1.0" encoding="UTF-8"?>
<VAST version="2.0">
    <Ad id="VPAID">
        <InLine>
            <Impression id="sr-seller-win"><![CDATA[https://rtb-wins-desktop.yellowblue.io/w?r=1626725860929819523_8463a27c070b_3kV9_emx-web&p=rtb]]></Impression>
            <Impression><![CDATA[https://k.streamrail.com/x?a=aix&ab=has-title&add=jdpower.com&ai=emx-web&appname=Jigsaw&ar=16.774&as=vp&au=IS&b=Edge&blf=sfo1_6.82_N&bundleid=microsoftcasualgames.com&bv=18&c=11.742&cai=51482364&cc=UA%2BA&cri=16_359358576&crr=Spectrum&ct=0&d=microsoftcasualgames.com&den=d&dh=900&dt=Personal-Computer&dw=1743&en=d&fb=false&fc=false&fp=9.743&h2h=9.743&hh=8463a27c070b&inp=3.000&ip=71.84.171.80&l1=16.774&lat=42.28&lon=-122.90&m=0.300&mip=9.743&mv=84c&o=16.774&oip=9.743&or=5d1a6421ecad4c0001c39467&os=Windows&osi=3kV9&ov=10.0.0&p1=5&p2=3.000&p3=0&p4=application%2Fjavascript&p5=IAB2&p6=16&p8=1&poi=5f7987afc9042200018d3351&rh=900&rsh=900&rsw=1743&rw=1743&s=3kV9&si=s2s&sta=OR&tc=5f7ae2aadb9aab0001cf5c43&tf=1.000&ts=3Le4bw&uss=11&p=3479202707&rand=153]]></Impression>
            <Impression><![CDATA[https://k.streamrail.com/x?a=aix&ab=has-title&add=jdpower.com&ai=5f7ae2aadb9aab0001cf5c45&appname=Jigsaw&ar=NG3vVMY&at=vast-s2s&au=IS&b=edge&bas=emx-web&blf=sfo1_6.82_N&bundleid=microsoftcasualgames.com&bv=18&c=NG3vVMY&cai=51482364&cc=UA8&cri=16_359358576&crr=Spectrum&ct=0&d=microsoftcasualgames.com&dd=microsoftcasualgames.com&den=d&dh=900&dt=desktop&dw=1743&en=d&fb=false&fc=false&fp=9.743&hh=8463a27c070b&inp=3.000&ip=71.84.171.80&lat=42.28&lon=-122.90&m=0.300&mv=84c&or=5f7987afc9042200018d3351&os=windows&ov=10&p2=3.000&p3=0&p5=IAB2&p6=16&p8=1&rh=900&rsh=900&rsw=1743&rw=1743&s=3kV9&si=s2s&sta=OR&tc=5f7ae2aadb9aab0001cf5c43&ts=3Le4bw&p=810231059&rand=300]]></Impression>
            <Creatives>
                <Creative sequence="1">
                    <Linear>
                        <Duration>00:00:15</Duration>
                        <AdParameters><![CDATA[{"adType":"VIDEO","ad":{"viewTrk":"https%3A%2F%2Fimp.emxdgt.com%2Fview%2F%3Fcp%3D20.9676%26ts%3D1626725861%26adom%3Djdpower.com%26seat%3D16%26w%3D5%26h%3D5%26pb%3D16.7741%26sid%3D13007%26tid%3D136204%26pid%3D1584%26uid%3D87601626725860985805e1%26wid%3D21%26dom%3Dmicrosoftcasualgames.com%26tp%3D%24%7BEMX_MACRO%7D%26mt%3D2%26dt%3D2%26st%3D1%26os%3Dwindows%26ip%3D71.84.171.80%26sz%3D%26country%3DUS%26region%3DOR%26city%3DMedford%26zip%3D97501%26dma%3D813%26agency_id%3D1869231%26cluster%3Dsrv%26rf%3D%24%7BRF_MACRO%7D%26cat%3D2-21%26crid%3D16_359358576%26burl%3Dhttps%253A%252F%252Fgce-sc.bidswitch.net%252Fwin_notice%252Femxdigital_bid%253Frid%253DwSZHuKsjbi2sviY1mEaXrtQTPrJ6AO97wLoJDeI-Vx2jGQKUex4eW0pBJho_k_C5H65mHZpMm9Mer8-W40qgk93z7ums7NdNXyTHYA1rmt9sOT-Qw1V2dAWnmjDeTK3bdAUdqx1LXCPjYtnm0AMDWAkZVLEQ9v7aqncyBxbSEy6Vd_whBETWmwKschZiEDObhqm6NljEC3_MYWJUARfczDYgIgLMP5KYnXB2qtJpYc8ACIBrkOzBU0OWJvpCu0ED55yT-04mByDrg-MtDcP_wkWYuTXuMDs8Kyga27gaH4pTPKh8SzmYMb_380eEqR86EemuTv-b-Vbv2IPuhhofTTKV0h6bmHnvMTmYsppxquMViOmMxq4Apks6mwizwDLMfhTiPfVaS7ovDGvGFZ4So5lNpSFDH9RNBulrs6EM6_VUYnairgUqxCx1OPRLdajuW4V6dFguibBgMXFJ-0BHCsVZ2W1AdpUgEghHQgTKPfPKJbnbafYo5WTIw5kzDCw_hi3Ly_9ntDV0SZmoc4ZFcnU6jTwUsV0yLTMr2PBJnpUd1nm5GhUpwa72n5PCdlC4k2PxxLKg7LVNY2MeHx-NfFF_AbHvpfzbVq7vI9MI5twsVw5zAJxm8Kr7YihvSD63R9B4ERX2ZDUGvfNw4u19u8WrFOCl-QcY6q3LEgqsfa4gCoGdeRvnooOmsNDavg1N-lgi3KzBSy2yPstnOodz_UbmW9sNtu4CwijD7DMiaGv2RqSkxroXkdhXez_tW94mq9ebPza4De2FAXtDKd7e4azIrzwOfZ7Au9AmyND_9a2SpB9ZQ9ZQBIXrEB7kHsJL9jeTdGPnunh8zgFRxUxZYn9zSmk8qiqpPJNGMfPW4hdKjtGVTYI6Jrhjp1rupe_FXuKT4hGHZiAPI_QrPqd1C_dnrX14Ezv1JdGDFB1fOljVfivCniJoI1EEY06LgIiCLU1YwqJik2VzydRbLv_X7sleSh_1_YA1Q7ZW2BNolr_9RoPTYtGh0T_iPBHjXCmQ5f3UgJyJKFb-ufX88fdNeUSBKn-MetW1UCIb5nqoPuqUGcyz-G8_4_10hbx0CPcy88-AaF3_XdOb15MXAB0EkGBycMXT-XX9FEl8XfJKMi9cPfSuAfEV2GqPFu6wOI-MmdaWcZbkY00ai2YZmwDNzRIEIlguF60VdmTnFAtTz39zEg6hUA8Ao1o1mjiewp86JszhRDMHfZ7AbCKWxfDT877oG_GlcTs7KBB-pgdMIjBG5ErDmC8LNt3gg2PGrBNEtQ2k303qKkTgh8IAVIY2S-raCqRTtqj2l6g1i9HeJRKKU85POP8%2526p%253D%2524%257BEMX_BURL%257D%2526aid%253D","tag":"%3C%3Fxml%20version%3D%221.0%22%20encoding%3D%22UTF-8%22%3F%3E%3CVAST%20version%3D%223.0%22%3E%3CAd%20id%3D%222215b03c_87601626725860985805e1%22%3E%3CWrapper%3E%3CAdSystem%3EBidSwitch%3C%2FAdSystem%3E%3CVASTAdTagURI%3E%3C%21%5BCDATA%5Bhttps%3A%2F%2Fbid.g.doubleclick.net%2Fdbm%2Fvast%3Fdbm_c%3DAKAmf-BPIFKqa1aNFp_OLruwPF1JA4DU0rMiwnJYjazit6LY1YGo8PUslMIakEwG8RI6F5ENGFR2QKk3qyXVWyD4YglLSZOPFw%26dbm_d%3DAKAmf-Doz50iBkIyCV6vyW509mX_-WwnINYQsCdA0Jk1lQdokPovxm3-U_jGaj-tCRFYYoAWkJAnmRA6j6hLTOAdDoBHjF9SZ-w8s_rrVTD9siaV8SDNocA7MMq6EXv0b0AjJPZ63yLSPsSPt-G3O1GUHAUzZAqja1Y060IkrSFA1YQgDjAVqSUZII77hFhD4aBppnPqDXxGsZQ8jNrQLDWJ1WPVIZggqbju3lSbqCF2b6NHeLM76NJeqenWdGFiziDWyqGg44hysCjhBxOof2IbzomTVXcRf_WmoruhNHdHkfMzJwN-H_kPPBKNXmAul1qfZobEOB7fxC2LJ-DLaWoCMlMHUl70MvdMhJkG7CHJ3jjnG3slpfY3_hSZxLLxkMyQ8fHYfy_h5tP7sBnukxRs_KUBSUxJ4Y6PYtCx8QP5VnY05727UamKz3AMXZE-fLgzsI6eIcdqfZtbyYqSDwYn2QwysPhfqb2i8lpSDjjvTgHnu5dkiFUUydSb-FN3VBsPgnxJ6vL1GTO5cIca3y_3SjXUfE4fapzMkd4B89TfeL-_1qIsw4EIrmJLXTdEEICFP8N36pIHTiHSZchzi3c0HYnYGAq2RjTWUdo5xo3KVp-uY0tmAE-7fUzgOrLQ2qwO8tAPPXqVpPP6I8pI1wjeHnzh4NwG6SJ6eyvS1pm_DxuG31lMXksBxHuHLEhlljGCi7o190bXvpJzp1wkaTtP-7TYUWgLds5LsPhzPoCtmh53FH0aKL6xKVMMmnxOsiXhTocEgLpT4eY8iUe2fYvV6Nwe782_oBnEtLLbHAlHKd7o0ekCJkkLxRwsYET4yWX4uzpTIucU_pSYQaULJS38R7zEzOobjNZqRH0oEZS4G73wKVAAPFpRclKQkGDG-QG1VxxqOhpr33qu155jFJTsTsFK6HJ7VUO4dZ5nMQ_dJi1R4IXj3jr-_zm44IKwqHK5FUJKGyG6jvhFOkM1zfGHuXgqtUnK-cnxa-dJnEaGid9msc6toLl9KYgWucCDIp5qPWij3GbYh-KCyuKfSa2PaIFOWXXRI7_hulxg-bflfw9oNBV6xlSeYTpOh0lKAuywFsUQEsmtHzvuwntbH4YVFETEC0y5y4dF1hUngwn01CzbwLERDMsH_643bzVUjFWN3xiCJP6iyFjIPgMMrtTKK0oI63wp4C-tI3mUbrL3o7QnpnFMARWjLFmM4ZDPHF_DUk_uoX7zeBOfzAOyZQhzh0N8TyyJX7ko408_nhILUL2g5spfe6Fo_9ysds1MBuQT3GVSg_Y5CjBM1T-TflgnTF_Tk4WFv5IAIZg0LA9bsx-njr6NLzMLgWWnDpiQkWbjGXByEoYzSuFlUbnGzLMOghC37YUaBpFgi9BvzpfXLmJ29TNnOPzi-zcWq_yV5p5YSGk0pXq5odWl-aDwyJNRzWPgsfwJWLTSiKvitfNwgRZ7LBdUQrqe9Sz-0i1vr8K9QCC1P5FCFFDmkOHTbncTqlJBnPLDHeN-z7fX4Nlo7O9mPyi4nOiZjfCybjV8eYmS6uwp-jWXURa783KQTXk5VDhACWLiSxAzVAX75AE9LQrGGB0nigH7UxRl-Xz4krpYODMhLria0y8N991mdnQRUw8XJZj1DRVFSE9g_fazyMsDQJn4hiUTeMpDzR9b1S9uU7oZo2LQOluZ1Bw2A-BE2q6oK9SRbyE8kLLBquxfd8pWd5H0AmauXwE4Hdz1MF1CZGDTsTD9ffI1b9_rYKpVwrR2eE6b8Vf9pXzG4T9rGNh7THqXgoCJ5zA2ScxYynf_OZIrgSLD47GraeJvb4SHBYhXzvTJbvOhwMFcXPUewqqROfd4gvNsy_IRl8tV-d8WUmwzqbdYZrWw7XqLivGmCiANmYO_owRIu73bqndxFlmzelG6VUU8DYoPA2jo2BhKCZX17VoahqPgXzt4uIFq3fjB8lKzniF97KDUlUD1H8SM1gkKYv5JhPDh9qS4zv8HkzujrVkcMqdpsu6uX0yG8T3dhLALw62qNFJpgEGTxqR6wW06HzFYZcnJqAAS8NitSSVjUIg8elPrhgjc1X_1arYgcgwVBjwCmKCdy1k37tQW10rNDeAh7n0adQMk_z3aoIqedEsxGpb2-dmWnqbBFc6k1yg4NEjRc1sUm7kOkwAGte0Tdk2NPiCyu0LqQwFOjYWKmVNVoro57dXqreIJDK5WJOYOgJ7VxRBxspFL4lC1hrmjhVaH9AEvcfjQ2DuZ3LBUHBVBqkI5TgxIlEVGFFYschbS2XoicOf-h12Gp6r0LGwVwSBBx1IPdf-UC4w052IvoYaVl7FoLnRPOwUkbdxEuyOlWtnG8_Ftq-ERKzhOoHBsyW2mw3HwCZJrYydgYNQLDh0M0zR3tFI-sopX7WNU3fMYpQQu6X0XQuVYSIX1fT1laBpuc1KHOECm40DFqDmem_b6yxMiNfhc5z6Nt4KI3ou5XLthoMGd4W2thblrHKbfGXLT7_L9sJR_PmxV3uu5bPginvpP_hio_5B_t7iLKmtla-IjY_EhNtYI8D5I-gMaW6ud76-b4b8wmGywmeAGE2XdQT_SPmhmc5zHa_g0Xf1BcnK6nBH_UF-LG-eMw7SoCwAgymEU3460p6j1pCuVO3e34R1QHjFofcbHZSRf0JsrbcnfbyOm_Qw4htxtpja0nFRvNQNManKlJGmMjeXurmR9p8jE7isoc3gyJoeeRs5F8qtMiKYkMh7PF86SSHzNvV4%26cid%3DCAASEuRosnJyAtT9DLglYbd8Vz2rrA%5D%5D%3E%3C%2FVASTAdTagURI%3E%3CError%3E%3C%21%5BCDATA%5Bhttps%3A%2F%2Fgce-sc.bidswitch.net%2Fvast_error%2FwSZHuKsjbi2sviY1mEaXrtQTPrJ6AO97wLoJDeI-Vx2jGQKUex4eW0pBJho_k_C5H65mHZpMm9Mer8-W40qgk93z7ums7NdNXyTHYA1rmt9sOT-Qw1V2dAWnmjDeTK3bdAUdqx1LXCPjYtnm0AMDWAkZVLEQ9v7aqncyBxbSEy6Vd_whBETWmwKschZiEDObhqm6NljEC3_MYWJUARfczDYgIgLMP5KYnXB2qtJpYc8ACIBrkOzBU0OWJvpCu0ED55yT-04mByDrg-MtDcP_wkWYuTXuMDs8Kyga27gaH4pTPKh8SzmYMb_380eEqR86EemuTv-b-Vbv2IPuhhofTTKV0h6bmHnvMTmYsppxquMViOmMxq4Apks6mwizwDLMfhTiPfVaS7ovDGvGFZ4So5lNpSFDH9RNBulrs6EM6_VUYnairgUqxCx1OPRLdajuW4V6dFguibBgMXFJ-0BHCsVZ2W1AdpUgEghHQgTKPfPKJbnbafYo5WTIw5kzDCw_hi3Ly_9ntDV0SZmoc4ZFcnU6jTwUsV0yLTMr2PBJnpUd1nm5GhUpwa72n5PCdlC4k2PxxLKg7LVNY2MeHx-NfFF_AbHvpfzbVq7vI9MI5twsVw5zAJxm8Kr7YihvSD63R9B4ERX2ZDUGvfNw4u19u8WrFOCl-QcY6q3LEgqsfa4gCoGdeRvnooOmsNDavg1N-lgi3KzBSy2yPstnOodz_UbmW9sNtu4CwijD7DMiaGv2RqSkxroXkdhXez_tW94mq9ebPza4De2FAXtDKd7e4azIrzwOfZ7Au9AmyND_9a2SpB9ZQ9ZQBIXrEB7kHsJL9jeTdGPnunh8zgFRxUxZYn9zSmk8qiqpPJNGMfPW4hdKjtGVTYI6Jrhjp1rupe_FXuKT4hGHZiAPI_QrPqd1C_dnrX14Ezv1JdGDFB1fOljVfivCniJoI1EEY06LgIiCLU1YwqJik2VzydRbLv_X7sleSh_1_YA1Q7ZW2BNolr_9RoPTYtGh0T_iPBHjXCmQ5f3UgJyJKFb-ufX88fdNeUSBKn-MetW1UCIb5nqoPuqUGcyz-G8_4_10hbx0CPcy88-AaF3_XdOb15MXAB0EkGBycMXT-XX9FEl8XfJKMi9cPfSuAfEV2GqPFu6wOI-MmdaWcZbkY00ai2YZmwDNzRIEIlguF60VdmTnFAtTz39zEg6hUA8Ao1o1mjiewp86JszhRDMHfZ7AbCKWxfDT877oG_GlcTs7KBB-pgdMIjBG5ErDmC8LNt3gg2PGrBNEtQ2k303qKkTgh8IAVIY2S-raCqRTtqj2l6g1i9HeJRKKU85POP8%2F%5D%5D%3E%3C%2FError%3E%3CImpression%3E%3C%21%5BCDATA%5Bhttps%3A%2F%2Fgce-sc.bidswitch.net%2Fimp%2F%24%7BEMX_MACRO%7D%2FBSWhttps_A_B_Badx.g.doubleclick.net_Bpagead_Badview_Cai_RClxpx5d31YIJ1zYKbBKT-ssADuKm54GP7__YL-__Q3C9u6fjSYQASCD__eYfYMmG__IvMpLgZoAHu29GsAcgBBagDAcgDE5gEAKoE4QFP0Bm__ikwPqMbOHayMJiTkHaZ8Xn4V6ceoNaXGmZ63HCXqDdzcDgwwZU4TF__CHoyzRcNgDJav0kbJVqDqQ84pxszNlMRcr2OsVa8XTD8hjlaYKXmbrNBwZ5uaD4EBaSkoh11gwU4HgQfgd9C0ZkBj-__QoieI9A03XFNQI2t0lqIAscDb-U3F9H4o58067KcuoOZ8Ta1SntZu9LJPPmwjAoSHWCvAEAIrygOt0Ty1TFC5vcoz6suAcQhfG3CyuAynSFNTDdsh8bbx7besRm__lpcJ03JzZGYXDlTFVIG2nkjdEXABOK8l7__OA-AEA4gFy76EvDGSBQYIAxACGAGSBQYIGxACGAGSBQYIHRAEGAGSBQYIHRABGAGSBQYIHhABGAGQBgGgBk6AB__qjrtMCqAfVyRuoB__DZG6gH8tkbqAeOzhuoB5PYG6gHugaoB-zVG6gH7paxAqgHpr4bqAfs1RvYBwDyBwsQkKPbChjwwK2rAdIIBwiAYRABGB__yCBliaWRkZXItZW14ZGlnaXRhbF8xMDIzMDg3gAoEyAsBsBOq34YMyBPoro3dA9ATANgTEIgUAdgUAdAVAYAXAbIXBgoECAASAA_Jsigh_RKPE9NfCUtUk_Jcmd_RChdjYS1wdWItNzM1MDg5NzEzODA5OTk1OBAAGAE_Jpr_R38_A_I_WAUCTION__PRICE_X_Jcid_RCAASEuRosnJyAtT9DLglYbd8Vz2rrA%2FwSZHuKsjbi2sviY1mEaXrtQTPrJ6AO97wLoJDeI-Vx2jGQKUex4eW0pBJho_k_C5H65mHZpMm9Mer8-W40qgk93z7ums7NdNXyTHYA1rmt9sOT-Qw1V2dAWnmjDeTK3bdAUdqx1LXCPjYtnm0AMDWAkZVLEQ9v7aqncyBxbSEy6Vd_whBETWmwKschZiEDObhqm6NljEC3_MYWJUARfczDYgIgLMP5KYnXB2qtJpYc8ACIBrkOzBU0OWJvpCu0ED55yT-04mByDrg-MtDcP_wkWYuTXuMDs8Kyga27gaH4pTPKh8SzmYMb_380eEqR86EemuTv-b-Vbv2IPuhhofTTKV0h6bmHnvMTmYsppxquMViOmMxq4Apks6mwizwDLMfhTiPfVaS7ovDGvGFZ4So5lNpSFDH9RNBulrs6EM6_VUYnairgUqxCx1OPRLdajuW4V6dFguibBgMXFJ-0BHCsVZ2W1AdpUgEghHQgTKPfPKJbnbafYo5WTIw5kzDCw_hi3Ly_9ntDV0SZmoc4ZFcnU6jTwUsV0yLTMr2PBJnpUd1nm5GhUpwa72n5PCdlC4k2PxxLKg7LVNY2MeHx-NfFF_AbHvpfzbVq7vI9MI5twsVw5zAJxm8Kr7YihvSD63R9B4ERX2ZDUGvfNw4u19u8WrFOCl-QcY6q3LEgqsfa4gCoGdeRvnooOmsNDavg1N-lgi3KzBSy2yPstnOodz_UbmW9sNtu4CwijD7DMiaGv2RqSkxroXkdhXez_tW94mq9ebPza4De2FAXtDKd7e4azIrzwOfZ7Au9AmyND_9a2SpB9ZQ9ZQBIXrEB7kHsJL9jeTdGPnunh8zgFRxUxZYn9zSmk8qiqpPJNGMfPW4hdKjtGVTYI6Jrhjp1rupe_FXuKT4hGHZiAPI_QrPqd1C_dnrX14Ezv1JdGDFB1fOljVfivCniJoI1EEY06LgIiCLU1YwqJik2VzydRbLv_X7sleSh_1_YA1Q7ZW2BNolr_9RoPTYtGh0T_iPBHjXCmQ5f3UgJyJKFb-ufX88fdNeUSBKn-MetW1UCIb5nqoPuqUGcyz-G8_4_10hbx0CPcy88-AaF3_XdOb15MXAB0EkGBycMXT-XX9FEl8XfJKMi9cPfSuAfEV2GqPFu6wOI-MmdaWcZbkY00ai2YZmwDNzRIEIlguF60VdmTnFAtTz39zEg6hUA8Ao1o1mjiewp86JszhRDMHfZ7AbCKWxfDT877oG_GlcTs7KBB-pgdMIjBG5ErDmC8LNt3gg2PGrBNEtQ2k303qKkTgh8IAVIY2S-raCqRTtqj2l6g1i9HeJRKKU85POP8%2F%5D%5D%3E%3C%2FImpression%3E%3CImpression%3E%3C%21%5BCDATA%5Bhttps%3A%2F%2Fus-east-sync.bidswitch.net%2Fsync_cors%3Fssp%3Demxdigital%26dsp_id%3D16%26imp%3D1%5D%5D%3E%3C%2FImpression%3E%3CCreatives%3E%3C%2FCreatives%3E%3CImpression%3E%3C%21%5BCDATA%5Bhttps%3A%2F%2Fimp.emxdgt.com%2Fimp%2F%3Fcp%3D20.9676%26ts%3D1626725861%26adom%3Djdpower.com%26seat%3D16%26w%3D5%26h%3D5%26pb%3D16.7741%26sid%3D13007%26tid%3D136204%26pid%3D1584%26uid%3D87601626725860985805e1%26wid%3D21%26dom%3Dmicrosoftcasualgames.com%26tp%3D%24%7BEMX_MACRO%7D%26mt%3D2%26dt%3D2%26st%3D1%26os%3Dwindows%26ip%3D71.84.171.80%26sz%3D%26country%3DUS%26region%3DOR%26city%3DMedford%26zip%3D97501%26dma%3D813%26agency_id%3D1869231%26cluster%3Dsrv%26rf%3D%24%7BRF_MACRO%7D%26cat%3D2-21%26crid%3D16_359358576%26burl%3Dhttps%253A%252F%252Fgce-sc.bidswitch.net%252Fwin_notice%252Femxdigital_bid%253Frid%253DwSZHuKsjbi2sviY1mEaXrtQTPrJ6AO97wLoJDeI-Vx2jGQKUex4eW0pBJho_k_C5H65mHZpMm9Mer8-W40qgk93z7ums7NdNXyTHYA1rmt9sOT-Qw1V2dAWnmjDeTK3bdAUdqx1LXCPjYtnm0AMDWAkZVLEQ9v7aqncyBxbSEy6Vd_whBETWmwKschZiEDObhqm6NljEC3_MYWJUARfczDYgIgLMP5KYnXB2qtJpYc8ACIBrkOzBU0OWJvpCu0ED55yT-04mByDrg-MtDcP_wkWYuTXuMDs8Kyga27gaH4pTPKh8SzmYMb_380eEqR86EemuTv-b-Vbv2IPuhhofTTKV0h6bmHnvMTmYsppxquMViOmMxq4Apks6mwizwDLMfhTiPfVaS7ovDGvGFZ4So5lNpSFDH9RNBulrs6EM6_VUYnairgUqxCx1OPRLdajuW4V6dFguibBgMXFJ-0BHCsVZ2W1AdpUgEghHQgTKPfPKJbnbafYo5WTIw5kzDCw_hi3Ly_9ntDV0SZmoc4ZFcnU6jTwUsV0yLTMr2PBJnpUd1nm5GhUpwa72n5PCdlC4k2PxxLKg7LVNY2MeHx-NfFF_AbHvpfzbVq7vI9MI5twsVw5zAJxm8Kr7YihvSD63R9B4ERX2ZDUGvfNw4u19u8WrFOCl-QcY6q3LEgqsfa4gCoGdeRvnooOmsNDavg1N-lgi3KzBSy2yPstnOodz_UbmW9sNtu4CwijD7DMiaGv2RqSkxroXkdhXez_tW94mq9ebPza4De2FAXtDKd7e4azIrzwOfZ7Au9AmyND_9a2SpB9ZQ9ZQBIXrEB7kHsJL9jeTdGPnunh8zgFRxUxZYn9zSmk8qiqpPJNGMfPW4hdKjtGVTYI6Jrhjp1rupe_FXuKT4hGHZiAPI_QrPqd1C_dnrX14Ezv1JdGDFB1fOljVfivCniJoI1EEY06LgIiCLU1YwqJik2VzydRbLv_X7sleSh_1_YA1Q7ZW2BNolr_9RoPTYtGh0T_iPBHjXCmQ5f3UgJyJKFb-ufX88fdNeUSBKn-MetW1UCIb5nqoPuqUGcyz-G8_4_10hbx0CPcy88-AaF3_XdOb15MXAB0EkGBycMXT-XX9FEl8XfJKMi9cPfSuAfEV2GqPFu6wOI-MmdaWcZbkY00ai2YZmwDNzRIEIlguF60VdmTnFAtTz39zEg6hUA8Ao1o1mjiewp86JszhRDMHfZ7AbCKWxfDT877oG_GlcTs7KBB-pgdMIjBG5ErDmC8LNt3gg2PGrBNEtQ2k303qKkTgh8IAVIY2S-raCqRTtqj2l6g1i9HeJRKKU85POP8%2526p%253D%2524%257BEMX_BURL%257D%2526aid%253D%5D%5D%3E%3C%2FImpression%3E%3CExtensions%3E%3CExtension%20type%3D%22AdVerifications%22%3E%3CAdVerifications%3E%3CVerification%20vendor%3D%22moat.com-emxsspvideo326487385820%22%3E%3CJavaScriptResource%20apiFramework%3D%22omid%22%20browserOptional%3D%22true%22%3E%3C%21%5BCDATA%5Bhttps%3A%2F%2Fz.moatads.com%2Femxsspvideo326487385820%2Fmoatvideo.js%5D%5D%3E%3C%2FJavaScriptResource%3E%3CVerificationParameters%3E%3C%21%5BCDATA%5B%7B%22moatClientLevel1%22%3A%221584%22%2C%20%22moatClientLevel2%22%3A%2213007%22%2C%20%22moatClientLevel3%22%3A%22136204%22%2C%20%22moatClientSlicer1%22%3A%22microsoftcasualgames.com%22%2C%20%22moatClientSlicer2%22%3A%22%22%2C%20%22moatClientSlicer3%22%3A%22Microsoft%22%7D%5D%5D%3E%3C%2FVerificationParameters%3E%3C%2FVerification%3E%3C%2FAdVerifications%3E%3C%2FExtension%3E%3C%2FExtensions%3E%3C%2FWrapper%3E%3C%2FAd%3E%3C%2FVAST%3E","avg": "20.9676", "auction" : "${AUCTION_PRICE}"}}]]></AdParameters>
                        <TrackingEvents>
                            <Tracking event="start"><![CDATA[https://k.streamrail.com/x?a=avs&ab=has-title&add=jdpower.com&ai=emx-web&appname=Jigsaw&as=vp&au=IS&b=Edge&blf=sfo1_6.82_N&bundleid=microsoftcasualgames.com&bv=18&cai=51482364&cc=UA%2BA&cri=16_359358576&crr=Spectrum&ct=0&d=microsoftcasualgames.com&den=d&dh=900&dt=Personal-Computer&dw=1743&en=d&fb=false&fc=false&fp=9.743&hh=8463a27c070b&inp=3.000&ip=71.84.171.80&lat=42.28&lon=-122.90&m=0.300&mv=84c&or=5d1a6421ecad4c0001c39467&os=Windows&osi=3kV9&ov=10.0.0&p2=3.000&p3=0&p5=IAB2&p6=16&p8=1&poi=5f7987afc9042200018d3351&rh=900&rsh=900&rsw=1743&rw=1743&s=3kV9&si=s2s&sta=OR&tc=5f7ae2aadb9aab0001cf5c43&ts=3Le4bw&p=4233665411&rand=596]]></Tracking>
                            <Tracking event="firstQuartile"><![CDATA[https://k.streamrail.com/x?a=avf&ab=has-title&add=jdpower.com&ai=emx-web&appname=Jigsaw&as=vp&au=IS&b=Edge&blf=sfo1_6.82_N&bundleid=microsoftcasualgames.com&bv=18&cai=51482364&cc=UA%2BA&cri=16_359358576&crr=Spectrum&ct=0&d=microsoftcasualgames.com&den=d&dh=900&dt=Personal-Computer&dw=1743&en=d&fb=false&fc=false&fp=9.743&hh=8463a27c070b&inp=3.000&ip=71.84.171.80&lat=42.28&lon=-122.90&m=0.300&mv=84c&or=5d1a6421ecad4c0001c39467&os=Windows&osi=3kV9&ov=10.0.0&p2=3.000&p3=0&p5=IAB2&p6=16&p8=1&poi=5f7987afc9042200018d3351&rh=900&rsh=900&rsw=1743&rw=1743&s=3kV9&si=s2s&sta=OR&tc=5f7ae2aadb9aab0001cf5c43&ts=3Le4bw&p=1531608742&rand=655]]></Tracking>
                            <Tracking event="midpoint"><![CDATA[https://k.streamrail.com/x?a=avm&ab=has-title&add=jdpower.com&ai=emx-web&appname=Jigsaw&as=vp&au=IS&b=Edge&blf=sfo1_6.82_N&bundleid=microsoftcasualgames.com&bv=18&cai=51482364&cc=UA%2BA&cri=16_359358576&crr=Spectrum&ct=0&d=microsoftcasualgames.com&den=d&dh=900&dt=Personal-Computer&dw=1743&en=d&fb=false&fc=false&fp=9.743&hh=8463a27c070b&inp=3.000&ip=71.84.171.80&lat=42.28&lon=-122.90&m=0.300&mv=84c&or=5d1a6421ecad4c0001c39467&os=Windows&osi=3kV9&ov=10.0.0&p2=3.000&p3=0&p5=IAB2&p6=16&p8=1&poi=5f7987afc9042200018d3351&rh=900&rsh=900&rsw=1743&rw=1743&s=3kV9&si=s2s&sta=OR&tc=5f7ae2aadb9aab0001cf5c43&ts=3Le4bw&p=1254860637&rand=32]]></Tracking>
                            <Tracking event="thirdQuartile"><![CDATA[https://k.streamrail.com/x?a=avt&ab=has-title&add=jdpower.com&ai=emx-web&appname=Jigsaw&as=vp&au=IS&b=Edge&blf=sfo1_6.82_N&bundleid=microsoftcasualgames.com&bv=18&cai=51482364&cc=UA%2BA&cri=16_359358576&crr=Spectrum&ct=0&d=microsoftcasualgames.com&den=d&dh=900&dt=Personal-Computer&dw=1743&en=d&fb=false&fc=false&fp=9.743&hh=8463a27c070b&inp=3.000&ip=71.84.171.80&lat=42.28&lon=-122.90&m=0.300&mv=84c&or=5d1a6421ecad4c0001c39467&os=Windows&osi=3kV9&ov=10.0.0&p2=3.000&p3=0&p5=IAB2&p6=16&p8=1&poi=5f7987afc9042200018d3351&rh=900&rsh=900&rsw=1743&rw=1743&s=3kV9&si=s2s&sta=OR&tc=5f7ae2aadb9aab0001cf5c43&ts=3Le4bw&p=3770192668&rand=939]]></Tracking>
                            <Tracking event="complete"><![CDATA[https://k.streamrail.com/x?a=avc&ab=has-title&add=jdpower.com&ai=emx-web&appname=Jigsaw&as=vp&au=IS&b=Edge&blf=sfo1_6.82_N&bundleid=microsoftcasualgames.com&bv=18&cai=51482364&cc=UA%2BA&cri=16_359358576&crr=Spectrum&ct=0&d=microsoftcasualgames.com&den=d&dh=900&dt=Personal-Computer&dw=1743&en=d&fb=false&fc=false&fp=9.743&hh=8463a27c070b&inp=3.000&ip=71.84.171.80&lat=42.28&lon=-122.90&m=0.300&mv=84c&or=5d1a6421ecad4c0001c39467&os=Windows&osi=3kV9&ov=10.0.0&p2=3.000&p3=0&p5=IAB2&p6=16&p8=1&poi=5f7987afc9042200018d3351&rh=900&rsh=900&rsw=1743&rw=1743&s=3kV9&si=s2s&sta=OR&tc=5f7ae2aadb9aab0001cf5c43&ts=3Le4bw&p=656473235&rand=306]]></Tracking>
                            <Tracking event="start"><![CDATA[https://k.streamrail.com/x?a=avs&ab=has-title&add=jdpower.com&ai=5f7ae2aadb9aab0001cf5c45&appname=Jigsaw&ar=NG3vVMY&at=vast-s2s&au=IS&b=edge&bas=emx-web&blf=sfo1_6.82_N&bundleid=microsoftcasualgames.com&bv=18&c=NG3vVMY&cai=51482364&cc=UA8&cri=16_359358576&crr=Spectrum&ct=0&d=microsoftcasualgames.com&dd=microsoftcasualgames.com&den=d&dh=900&dt=desktop&dw=1743&en=d&fb=false&fc=false&fp=9.743&hh=8463a27c070b&inp=3.000&ip=71.84.171.80&lat=42.28&lon=-122.90&m=0.300&mv=84c&or=5f7987afc9042200018d3351&os=windows&ov=10&p2=3.000&p3=0&p5=IAB2&p6=16&p8=1&rh=900&rsh=900&rsw=1743&rw=1743&s=3kV9&si=s2s&sta=OR&tc=5f7ae2aadb9aab0001cf5c43&ts=3Le4bw&p=1834748041&rand=119]]></Tracking>
                            <Tracking event="firstQuartile"><![CDATA[https://k.streamrail.com/x?a=avf&ab=has-title&add=jdpower.com&ai=5f7ae2aadb9aab0001cf5c45&appname=Jigsaw&ar=NG3vVMY&at=vast-s2s&au=IS&b=edge&bas=emx-web&blf=sfo1_6.82_N&bundleid=microsoftcasualgames.com&bv=18&c=NG3vVMY&cai=51482364&cc=UA8&cri=16_359358576&crr=Spectrum&ct=0&d=microsoftcasualgames.com&dd=microsoftcasualgames.com&den=d&dh=900&dt=desktop&dw=1743&en=d&fb=false&fc=false&fp=9.743&hh=8463a27c070b&inp=3.000&ip=71.84.171.80&lat=42.28&lon=-122.90&m=0.300&mv=84c&or=5f7987afc9042200018d3351&os=windows&ov=10&p2=3.000&p3=0&p5=IAB2&p6=16&p8=1&rh=900&rsh=900&rsw=1743&rw=1743&s=3kV9&si=s2s&sta=OR&tc=5f7ae2aadb9aab0001cf5c43&ts=3Le4bw&p=1299633018&rand=2]]></Tracking>
                            <Tracking event="midpoint"><![CDATA[https://k.streamrail.com/x?a=avm&ab=has-title&add=jdpower.com&ai=5f7ae2aadb9aab0001cf5c45&appname=Jigsaw&ar=NG3vVMY&at=vast-s2s&au=IS&b=edge&bas=emx-web&blf=sfo1_6.82_N&bundleid=microsoftcasualgames.com&bv=18&c=NG3vVMY&cai=51482364&cc=UA8&cri=16_359358576&crr=Spectrum&ct=0&d=microsoftcasualgames.com&dd=microsoftcasualgames.com&den=d&dh=900&dt=desktop&dw=1743&en=d&fb=false&fc=false&fp=9.743&hh=8463a27c070b&inp=3.000&ip=71.84.171.80&lat=42.28&lon=-122.90&m=0.300&mv=84c&or=5f7987afc9042200018d3351&os=windows&ov=10&p2=3.000&p3=0&p5=IAB2&p6=16&p8=1&rh=900&rsh=900&rsw=1743&rw=1743&s=3kV9&si=s2s&sta=OR&tc=5f7ae2aadb9aab0001cf5c43&ts=3Le4bw&p=1674077895&rand=70]]></Tracking>
                            <Tracking event="thirdQuartile"><![CDATA[https://k.streamrail.com/x?a=avt&ab=has-title&add=jdpower.com&ai=5f7ae2aadb9aab0001cf5c45&appname=Jigsaw&ar=NG3vVMY&at=vast-s2s&au=IS&b=edge&bas=emx-web&blf=sfo1_6.82_N&bundleid=microsoftcasualgames.com&bv=18&c=NG3vVMY&cai=51482364&cc=UA8&cri=16_359358576&crr=Spectrum&ct=0&d=microsoftcasualgames.com&dd=microsoftcasualgames.com&den=d&dh=900&dt=desktop&dw=1743&en=d&fb=false&fc=false&fp=9.743&hh=8463a27c070b&inp=3.000&ip=71.84.171.80&lat=42.28&lon=-122.90&m=0.300&mv=84c&or=5f7987afc9042200018d3351&os=windows&ov=10&p2=3.000&p3=0&p5=IAB2&p6=16&p8=1&rh=900&rsh=900&rsw=1743&rw=1743&s=3kV9&si=s2s&sta=OR&tc=5f7ae2aadb9aab0001cf5c43&ts=3Le4bw&p=4206518772&rand=658]]></Tracking>
                            <Tracking event="complete"><![CDATA[https://k.streamrail.com/x?a=avc&ab=has-title&add=jdpower.com&ai=5f7ae2aadb9aab0001cf5c45&appname=Jigsaw&ar=NG3vVMY&at=vast-s2s&au=IS&b=edge&bas=emx-web&blf=sfo1_6.82_N&bundleid=microsoftcasualgames.com&bv=18&c=NG3vVMY&cai=51482364&cc=UA8&cri=16_359358576&crr=Spectrum&ct=0&d=microsoftcasualgames.com&dd=microsoftcasualgames.com&den=d&dh=900&dt=desktop&dw=1743&en=d&fb=false&fc=false&fp=9.743&hh=8463a27c070b&inp=3.000&ip=71.84.171.80&lat=42.28&lon=-122.90&m=0.300&mv=84c&or=5f7987afc9042200018d3351&os=windows&ov=10&p2=3.000&p3=0&p5=IAB2&p6=16&p8=1&rh=900&rsh=900&rsw=1743&rw=1743&s=3kV9&si=s2s&sta=OR&tc=5f7ae2aadb9aab0001cf5c43&ts=3Le4bw&p=529647545&rand=92]]></Tracking>
                        </TrackingEvents>
                        <VideoClicks>
                            <ClickTracking><![CDATA[https://k.streamrail.com/x?a=ct&ab=has-title&add=jdpower.com&ai=emx-web&appname=Jigsaw&as=vp&au=IS&b=Edge&blf=sfo1_6.82_N&bundleid=microsoftcasualgames.com&bv=18&cai=51482364&cc=UA%2BA&cri=16_359358576&crr=Spectrum&ct=0&d=microsoftcasualgames.com&den=d&dh=900&dt=Personal-Computer&dw=1743&en=d&fb=false&fc=false&fp=9.743&hh=8463a27c070b&inp=3.000&ip=71.84.171.80&lat=42.28&lon=-122.90&m=0.300&mv=84c&or=5d1a6421ecad4c0001c39467&os=Windows&osi=3kV9&ov=10.0.0&p2=3.000&p3=0&p5=IAB2&p6=16&p8=1&poi=5f7987afc9042200018d3351&rh=900&rsh=900&rsw=1743&rw=1743&s=3kV9&si=s2s&sta=OR&tc=5f7ae2aadb9aab0001cf5c43&ts=3Le4bw&p=1591224514&rand=920]]></ClickTracking>
                            <ClickTracking><![CDATA[https://k.streamrail.com/x?a=ct&ab=has-title&add=jdpower.com&ai=5f7ae2aadb9aab0001cf5c45&appname=Jigsaw&ar=NG3vVMY&at=vast-s2s&au=IS&b=edge&bas=emx-web&blf=sfo1_6.82_N&bundleid=microsoftcasualgames.com&bv=18&c=NG3vVMY&cai=51482364&cc=UA8&cri=16_359358576&crr=Spectrum&ct=0&d=microsoftcasualgames.com&dd=microsoftcasualgames.com&den=d&dh=900&dt=desktop&dw=1743&en=d&fb=false&fc=false&fp=9.743&hh=8463a27c070b&inp=3.000&ip=71.84.171.80&lat=42.28&lon=-122.90&m=0.300&mv=84c&or=5f7987afc9042200018d3351&os=windows&ov=10&p2=3.000&p3=0&p5=IAB2&p6=16&p8=1&rh=900&rsh=900&rsw=1743&rw=1743&s=3kV9&si=s2s&sta=OR&tc=5f7ae2aadb9aab0001cf5c43&ts=3Le4bw&p=2016516934&rand=611]]></ClickTracking>
                        </VideoClicks>
                        <MediaFiles>
                            <MediaFile delivery="progressive" type="application/javascript" width="0" height="0" apiFramework="VPAID"><![CDATA[https://js.brealtime.com/ovvbundle_moat.js]]></MediaFile>
                        </MediaFiles>
                    </Linear>
                </Creative>
            </Creatives>
            <Error><![CDATA[https://k.streamrail.com/x?a=err&ab=has-title&add=jdpower.com&ai=5f7ae2aadb9aab0001cf5c45&appname=Jigsaw&ar=NG3vVMY&at=vast-s2s&au=IS&b=edge&bas=emx-web&blf=sfo1_6.82_N&bundleid=microsoftcasualgames.com&bv=18&c=NG3vVMY&cai=51482364&cc=UA8&cri=16_359358576&crr=Spectrum&ct=0&d=microsoftcasualgames.com&dd=microsoftcasualgames.com&den=d&dh=900&dt=desktop&dw=1743&en=d&fb=false&fc=false&fp=9.743&hh=8463a27c070b&inp=3.000&ip=71.84.171.80&lat=42.28&lon=-122.90&m=0.300&mv=84c&or=5f7987afc9042200018d3351&os=windows&ov=10&p2=3.000&p3=0&p5=IAB2&p6=16&p8=1&rh=900&rsh=900&rsw=1743&rw=1743&s=3kV9&si=s2s&sta=OR&tc=5f7ae2aadb9aab0001cf5c43&ts=3Le4bw&p=400179022&rand=538]]></Error>
        </InLine>
    </Ad>
</VAST>
